# JRE version: OpenJDK Runtime Environment (11.0.6+10) (build 11.0.6+10)
# Java VM: OpenJDK 64-Bit Server VM (11.0.6+10, mixed mode, tiered, compressed oops, g1 gc, windows-amd64)
Heap:
 garbage-first heap   total 382976K, used 5482K [0x0000000680000000, 0x0000000800000000)
  region size 1024K, 1 young (1024K), 1 survivors (1024K)
 Metaspace       used 14285K, capacity 14863K, committed 15104K, reserved 1062912K
  class space    used 1616K, capacity 1995K, committed 2048K, reserved 1048576K
GC Heap History (20 events):
Event: 1.430 GC heap after
{Heap after GC invocations=6 (full 0):
 garbage-first heap   total 260096K, used 5443K [0x0000000680000000, 0x0000000800000000)
  region size 1024K, 4 young (4096K), 4 survivors (4096K)
 Metaspace       used 14285K, capacity 14863K, committed 15104K, reserved 1062912K
  class space    used 1616K, capacity 1995K, committed 2048K, reserved 1048576K
}
Event: 1.543 GC heap before
{Heap before GC invocations=6 (full 0):
 garbage-first heap   total 260096K, used 156995K [0x0000000680000000, 0x0000000800000000)
  region size 1024K, 152 young (155648K), 4 survivors (4096K)
 Metaspace       used 14285K, capacity 14863K, committed 15104K, reserved 1062912K
  class space    used 1616K, capacity 1995K, committed 2048K, reserved 1048576K
}
Event: 1.544 GC heap after
{Heap after GC invocations=7 (full 0):
 garbage-first heap   total 260096K, used 5445K [0x0000000680000000, 0x0000000800000000)
  region size 1024K, 4 young (4096K), 4 survivors (4096K)
 Metaspace       used 14285K, capacity 14863K, committed 15104K, reserved 1062912K
  class space    used 1616K, capacity 1995K, committed 2048K, reserved 1048576K
}
Event: 1.653 GC heap before
{Heap before GC invocations=7 (full 0):
 garbage-first heap   total 260096K, used 156997K [0x0000000680000000, 0x0000000800000000)
  region size 1024K, 152 young (155648K), 4 survivors (4096K)
 Metaspace       used 14285K, capacity 14863K, committed 15104K, reserved 1062912K
  class space    used 1616K, capacity 1995K, committed 2048K, reserved 1048576K
}
Event: 1.655 GC heap after
{Heap after GC invocations=8 (full 0):
 garbage-first heap   total 260096K, used 5440K [0x0000000680000000, 0x0000000800000000)
  region size 1024K, 4 young (4096K), 4 survivors (4096K)
 Metaspace       used 14285K, capacity 14863K, committed 15104K, reserved 1062912K
  class space    used 1616K, capacity 1995K, committed 2048K, reserved 1048576K
}
Event: 1.756 GC heap before
{Heap before GC invocations=8 (full 0):
 garbage-first heap   total 260096K, used 156992K [0x0000000680000000, 0x0000000800000000)
  region size 1024K, 152 young (155648K), 4 survivors (4096K)
 Metaspace       used 14285K, capacity 14863K, committed 15104K, reserved 1062912K
  class space    used 1616K, capacity 1995K, committed 2048K, reserved 1048576K
}
Event: 1.758 GC heap after
{Heap after GC invocations=9 (full 0):
 garbage-first heap   total 260096K, used 5438K [0x0000000680000000, 0x0000000800000000)
  region size 1024K, 4 young (4096K), 4 survivors (4096K)
 Metaspace       used 14285K, capacity 14863K, committed 15104K, reserved 1062912K
  class space    used 1616K, capacity 1995K, committed 2048K, reserved 1048576K
}
Event: 1.864 GC heap before
{Heap before GC invocations=9 (full 0):
 garbage-first heap   total 260096K, used 156990K [0x0000000680000000, 0x0000000800000000)
  region size 1024K, 152 young (155648K), 4 survivors (4096K)
 Metaspace       used 14285K, capacity 14863K, committed 15104K, reserved 1062912K
  class space    used 1616K, capacity 1995K, committed 2048K, reserved 1048576K
}
Event: 1.866 GC heap after
{Heap after GC invocations=10 (full 0):
 garbage-first heap   total 260096K, used 5354K [0x0000000680000000, 0x0000000800000000)
  region size 1024K, 4 young (4096K), 4 survivors (4096K)
 Metaspace       used 14285K, capacity 14863K, committed 15104K, reserved 1062912K
  class space    used 1616K, capacity 1995K, committed 2048K, reserved 1048576K
}
Event: 1.968 GC heap before
{Heap before GC invocations=10 (full 0):
 garbage-first heap   total 260096K, used 156906K [0x0000000680000000, 0x0000000800000000)
  region size 1024K, 152 young (155648K), 4 survivors (4096K)
 Metaspace       used 14285K, capacity 14863K, committed 15104K, reserved 1062912K
  class space    used 1616K, capacity 1995K, committed 2048K, reserved 1048576K
}
Event: 1.970 GC heap after
{Heap after GC invocations=11 (full 0):
 garbage-first heap   total 260096K, used 5445K [0x0000000680000000, 0x0000000800000000)
  region size 1024K, 4 young (4096K), 4 survivors (4096K)
 Metaspace       used 14285K, capacity 14863K, committed 15104K, reserved 1062912K
  class space    used 1616K, capacity 1995K, committed 2048K, reserved 1048576K
}
Event: 2.072 GC heap before
{Heap before GC invocations=11 (full 0):
 garbage-first heap   total 260096K, used 156997K [0x0000000680000000, 0x0000000800000000)
  region size 1024K, 152 young (155648K), 4 survivors (4096K)
 Metaspace       used 14285K, capacity 14863K, committed 15104K, reserved 1062912K
  class space    used 1616K, capacity 1995K, committed 2048K, reserved 1048576K
}
Event: 2.077 GC heap after
{Heap after GC invocations=12 (full 0):
 garbage-first heap   total 312320K, used 5446K [0x0000000680000000, 0x0000000800000000)
  region size 1024K, 4 young (4096K), 4 survivors (4096K)
 Metaspace       used 14285K, capacity 14863K, committed 15104K, reserved 1062912K
  class space    used 1616K, capacity 1995K, committed 2048K, reserved 1048576K
}
Event: 2.221 GC heap before
{Heap before GC invocations=12 (full 0):
 garbage-first heap   total 312320K, used 188742K [0x0000000680000000, 0x0000000800000000)
  region size 1024K, 183 young (187392K), 4 survivors (4096K)
 Metaspace       used 14285K, capacity 14863K, committed 15104K, reserved 1062912K
  class space    used 1616K, capacity 1995K, committed 2048K, reserved 1048576K
}
Event: 2.224 GC heap after
{Heap after GC invocations=13 (full 0):
 garbage-first heap   total 312320K, used 5554K [0x0000000680000000, 0x0000000800000000)
  region size 1024K, 4 young (4096K), 4 survivors (4096K)
 Metaspace       used 14285K, capacity 14863K, committed 15104K, reserved 1062912K
  class space    used 1616K, capacity 1995K, committed 2048K, reserved 1048576K
}
Event: 2.344 GC heap before
{Heap before GC invocations=13 (full 0):
 garbage-first heap   total 312320K, used 188850K [0x0000000680000000, 0x0000000800000000)
  region size 1024K, 183 young (187392K), 4 survivors (4096K)
 Metaspace       used 14285K, capacity 14863K, committed 15104K, reserved 1062912K
  class space    used 1616K, capacity 1995K, committed 2048K, reserved 1048576K
}
Event: 2.345 GC heap after
{Heap after GC invocations=14 (full 0):
 garbage-first heap   total 312320K, used 5674K [0x0000000680000000, 0x0000000800000000)
  region size 1024K, 4 young (4096K), 4 survivors (4096K)
 Metaspace       used 14285K, capacity 14863K, committed 15104K, reserved 1062912K
  class space    used 1616K, capacity 1995K, committed 2048K, reserved 1048576K
}
Event: 2.468 GC heap before
{Heap before GC invocations=14 (full 0):
 garbage-first heap   total 312320K, used 188970K [0x0000000680000000, 0x0000000800000000)
  region size 1024K, 183 young (187392K), 4 survivors (4096K)
 Metaspace       used 14285K, capacity 14863K, committed 15104K, reserved 1062912K
  class space    used 1616K, capacity 1995K, committed 2048K, reserved 1048576K
}
Event: 2.471 GC heap after
{Heap after GC invocations=15 (full 0):
 garbage-first heap   total 312320K, used 5449K [0x0000000680000000, 0x0000000800000000)
  region size 1024K, 4 young (4096K), 4 survivors (4096K)
 Metaspace       used 14285K, capacity 14863K, committed 15104K, reserved 1062912K
  class space    used 1616K, capacity 1995K, committed 2048K, reserved 1048576K
}
Event: 2.591 GC heap before
{Heap before GC invocations=15 (full 0):
 garbage-first heap   total 312320K, used 188745K [0x0000000680000000, 0x0000000800000000)
  region size 1024K, 183 young (187392K), 4 survivors (4096K)
 Metaspace       used 14285K, capacity 14863K, committed 15104K, reserved 1062912K
  class space    used 1616K, capacity 1995K, committed 2048K, reserved 1048576K
}

