# JRE version: OpenJDK Runtime Environment (11.0.6+10) (build 11.0.6+10)
# Java VM: OpenJDK 64-Bit Server VM (11.0.6+10, mixed mode, tiered, compressed oops, g1 gc, windows-amd64)
Heap:
 garbage-first heap   total 450560K, used 5383K [0x0000000680000000, 0x0000000800000000)
  region size 1024K, 4 young (4096K), 4 survivors (4096K)
 Metaspace       used 13673K, capacity 14037K, committed 14336K, reserved 1062912K
  class space    used 1526K, capacity 1688K, committed 1792K, reserved 1048576K
GC Heap History (20 events):
Event: 0.976 GC heap after
{Heap after GC invocations=5 (full 0):
 garbage-first heap   total 260096K, used 5455K [0x0000000680000000, 0x0000000800000000)
  region size 1024K, 4 young (4096K), 4 survivors (4096K)
 Metaspace       used 13673K, capacity 14037K, committed 14336K, reserved 1062912K
  class space    used 1526K, capacity 1688K, committed 1792K, reserved 1048576K
}
Event: 1.059 GC heap before
{Heap before GC invocations=5 (full 0):
 garbage-first heap   total 260096K, used 157007K [0x0000000680000000, 0x0000000800000000)
  region size 1024K, 152 young (155648K), 4 survivors (4096K)
 Metaspace       used 13673K, capacity 14037K, committed 14336K, reserved 1062912K
  class space    used 1526K, capacity 1688K, committed 1792K, reserved 1048576K
}
Event: 1.061 GC heap after
{Heap after GC invocations=6 (full 0):
 garbage-first heap   total 260096K, used 5371K [0x0000000680000000, 0x0000000800000000)
  region size 1024K, 4 young (4096K), 4 survivors (4096K)
 Metaspace       used 13673K, capacity 14037K, committed 14336K, reserved 1062912K
  class space    used 1526K, capacity 1688K, committed 1792K, reserved 1048576K
}
Event: 1.140 GC heap before
{Heap before GC invocations=6 (full 0):
 garbage-first heap   total 260096K, used 156923K [0x0000000680000000, 0x0000000800000000)
  region size 1024K, 152 young (155648K), 4 survivors (4096K)
 Metaspace       used 13673K, capacity 14037K, committed 14336K, reserved 1062912K
  class space    used 1526K, capacity 1688K, committed 1792K, reserved 1048576K
}
Event: 1.145 GC heap after
{Heap after GC invocations=7 (full 0):
 garbage-first heap   total 312320K, used 5283K [0x0000000680000000, 0x0000000800000000)
  region size 1024K, 4 young (4096K), 4 survivors (4096K)
 Metaspace       used 13673K, capacity 14037K, committed 14336K, reserved 1062912K
  class space    used 1526K, capacity 1688K, committed 1792K, reserved 1048576K
}
Event: 1.262 GC heap before
{Heap before GC invocations=7 (full 0):
 garbage-first heap   total 312320K, used 188579K [0x0000000680000000, 0x0000000800000000)
  region size 1024K, 183 young (187392K), 4 survivors (4096K)
 Metaspace       used 13673K, capacity 14037K, committed 14336K, reserved 1062912K
  class space    used 1526K, capacity 1688K, committed 1792K, reserved 1048576K
}
Event: 1.264 GC heap after
{Heap after GC invocations=8 (full 0):
 garbage-first heap   total 312320K, used 5342K [0x0000000680000000, 0x0000000800000000)
  region size 1024K, 4 young (4096K), 4 survivors (4096K)
 Metaspace       used 13673K, capacity 14037K, committed 14336K, reserved 1062912K
  class space    used 1526K, capacity 1688K, committed 1792K, reserved 1048576K
}
Event: 1.361 GC heap before
{Heap before GC invocations=8 (full 0):
 garbage-first heap   total 312320K, used 188638K [0x0000000680000000, 0x0000000800000000)
  region size 1024K, 183 young (187392K), 4 survivors (4096K)
 Metaspace       used 13673K, capacity 14037K, committed 14336K, reserved 1062912K
  class space    used 1526K, capacity 1688K, committed 1792K, reserved 1048576K
}
Event: 1.363 GC heap after
{Heap after GC invocations=9 (full 0):
 garbage-first heap   total 312320K, used 5414K [0x0000000680000000, 0x0000000800000000)
  region size 1024K, 4 young (4096K), 4 survivors (4096K)
 Metaspace       used 13673K, capacity 14037K, committed 14336K, reserved 1062912K
  class space    used 1526K, capacity 1688K, committed 1792K, reserved 1048576K
}
Event: 1.460 GC heap before
{Heap before GC invocations=9 (full 0):
 garbage-first heap   total 312320K, used 188710K [0x0000000680000000, 0x0000000800000000)
  region size 1024K, 183 young (187392K), 4 survivors (4096K)
 Metaspace       used 13673K, capacity 14037K, committed 14336K, reserved 1062912K
  class space    used 1526K, capacity 1688K, committed 1792K, reserved 1048576K
}
Event: 1.462 GC heap after
{Heap after GC invocations=10 (full 0):
 garbage-first heap   total 312320K, used 5629K [0x0000000680000000, 0x0000000800000000)
  region size 1024K, 4 young (4096K), 4 survivors (4096K)
 Metaspace       used 13673K, capacity 14037K, committed 14336K, reserved 1062912K
  class space    used 1526K, capacity 1688K, committed 1792K, reserved 1048576K
}
Event: 1.559 GC heap before
{Heap before GC invocations=10 (full 0):
 garbage-first heap   total 312320K, used 188925K [0x0000000680000000, 0x0000000800000000)
  region size 1024K, 183 young (187392K), 4 survivors (4096K)
 Metaspace       used 13673K, capacity 14037K, committed 14336K, reserved 1062912K
  class space    used 1526K, capacity 1688K, committed 1792K, reserved 1048576K
}
Event: 1.563 GC heap after
{Heap after GC invocations=11 (full 0):
 garbage-first heap   total 374784K, used 5396K [0x0000000680000000, 0x0000000800000000)
  region size 1024K, 4 young (4096K), 4 survivors (4096K)
 Metaspace       used 13673K, capacity 14037K, committed 14336K, reserved 1062912K
  class space    used 1526K, capacity 1688K, committed 1792K, reserved 1048576K
}
Event: 1.701 GC heap before
{Heap before GC invocations=11 (full 0):
 garbage-first heap   total 374784K, used 225556K [0x0000000680000000, 0x0000000800000000)
  region size 1024K, 219 young (224256K), 4 survivors (4096K)
 Metaspace       used 13673K, capacity 14037K, committed 14336K, reserved 1062912K
  class space    used 1526K, capacity 1688K, committed 1792K, reserved 1048576K
}
Event: 1.703 GC heap after
{Heap after GC invocations=12 (full 0):
 garbage-first heap   total 374784K, used 5384K [0x0000000680000000, 0x0000000800000000)
  region size 1024K, 4 young (4096K), 4 survivors (4096K)
 Metaspace       used 13673K, capacity 14037K, committed 14336K, reserved 1062912K
  class space    used 1526K, capacity 1688K, committed 1792K, reserved 1048576K
}
Event: 1.820 GC heap before
{Heap before GC invocations=12 (full 0):
 garbage-first heap   total 374784K, used 225544K [0x0000000680000000, 0x0000000800000000)
  region size 1024K, 219 young (224256K), 4 survivors (4096K)
 Metaspace       used 13673K, capacity 14037K, committed 14336K, reserved 1062912K
  class space    used 1526K, capacity 1688K, committed 1792K, reserved 1048576K
}
Event: 1.822 GC heap after
{Heap after GC invocations=13 (full 0):
 garbage-first heap   total 374784K, used 5439K [0x0000000680000000, 0x0000000800000000)
  region size 1024K, 4 young (4096K), 4 survivors (4096K)
 Metaspace       used 13673K, capacity 14037K, committed 14336K, reserved 1062912K
  class space    used 1526K, capacity 1688K, committed 1792K, reserved 1048576K
}
Event: 1.939 GC heap before
{Heap before GC invocations=13 (full 0):
 garbage-first heap   total 374784K, used 225599K [0x0000000680000000, 0x0000000800000000)
  region size 1024K, 219 young (224256K), 4 survivors (4096K)
 Metaspace       used 13673K, capacity 14037K, committed 14336K, reserved 1062912K
  class space    used 1526K, capacity 1688K, committed 1792K, reserved 1048576K
}
Event: 1.941 GC heap after
{Heap after GC invocations=14 (full 0):
 garbage-first heap   total 374784K, used 5441K [0x0000000680000000, 0x0000000800000000)
  region size 1024K, 4 young (4096K), 4 survivors (4096K)
 Metaspace       used 13673K, capacity 14037K, committed 14336K, reserved 1062912K
  class space    used 1526K, capacity 1688K, committed 1792K, reserved 1048576K
}
Event: 2.057 GC heap before
{Heap before GC invocations=14 (full 0):
 garbage-first heap   total 374784K, used 225601K [0x0000000680000000, 0x0000000800000000)
  region size 1024K, 219 young (224256K), 4 survivors (4096K)
 Metaspace       used 13673K, capacity 14037K, committed 14336K, reserved 1062912K
  class space    used 1526K, capacity 1688K, committed 1792K, reserved 1048576K
}

