# JRE version: OpenJDK Runtime Environment (11.0.6+10) (build 11.0.6+10)
# Java VM: OpenJDK 64-Bit Server VM (11.0.6+10, mixed mode, tiered, compressed oops, g1 gc, windows-amd64)
Heap:
 garbage-first heap   total 503808K, used 5296K [0x0000000680000000, 0x0000000800000000)
  region size 1024K, 4 young (4096K), 4 survivors (4096K)
 Metaspace       used 13902K, capacity 14216K, committed 14336K, reserved 1062912K
  class space    used 1530K, capacity 1725K, committed 1792K, reserved 1048576K
GC Heap History (20 events):
Event: 0.718 GC heap after
{Heap after GC invocations=3 (full 0):
 garbage-first heap   total 260096K, used 5336K [0x0000000680000000, 0x0000000800000000)
  region size 1024K, 4 young (4096K), 4 survivors (4096K)
 Metaspace       used 13901K, capacity 14216K, committed 14336K, reserved 1062912K
  class space    used 1530K, capacity 1725K, committed 1792K, reserved 1048576K
}
Event: 0.749 GC heap before
{Heap before GC invocations=3 (full 0):
 garbage-first heap   total 260096K, used 156888K [0x0000000680000000, 0x0000000800000000)
  region size 1024K, 152 young (155648K), 4 survivors (4096K)
 Metaspace       used 13901K, capacity 14216K, committed 14336K, reserved 1062912K
  class space    used 1530K, capacity 1725K, committed 1792K, reserved 1048576K
}
Event: 0.750 GC heap after
{Heap after GC invocations=4 (full 0):
 garbage-first heap   total 260096K, used 5429K [0x0000000680000000, 0x0000000800000000)
  region size 1024K, 4 young (4096K), 4 survivors (4096K)
 Metaspace       used 13901K, capacity 14216K, committed 14336K, reserved 1062912K
  class space    used 1530K, capacity 1725K, committed 1792K, reserved 1048576K
}
Event: 0.783 GC heap before
{Heap before GC invocations=4 (full 0):
 garbage-first heap   total 260096K, used 156981K [0x0000000680000000, 0x0000000800000000)
  region size 1024K, 152 young (155648K), 4 survivors (4096K)
 Metaspace       used 13901K, capacity 14216K, committed 14336K, reserved 1062912K
  class space    used 1530K, capacity 1725K, committed 1792K, reserved 1048576K
}
Event: 0.785 GC heap after
{Heap after GC invocations=5 (full 0):
 garbage-first heap   total 312320K, used 5431K [0x0000000680000000, 0x0000000800000000)
  region size 1024K, 4 young (4096K), 4 survivors (4096K)
 Metaspace       used 13901K, capacity 14216K, committed 14336K, reserved 1062912K
  class space    used 1530K, capacity 1725K, committed 1792K, reserved 1048576K
}
Event: 0.841 GC heap before
{Heap before GC invocations=5 (full 0):
 garbage-first heap   total 312320K, used 188727K [0x0000000680000000, 0x0000000800000000)
  region size 1024K, 183 young (187392K), 4 survivors (4096K)
 Metaspace       used 13902K, capacity 14216K, committed 14336K, reserved 1062912K
  class space    used 1530K, capacity 1725K, committed 1792K, reserved 1048576K
}
Event: 0.844 GC heap after
{Heap after GC invocations=6 (full 0):
 garbage-first heap   total 312320K, used 5393K [0x0000000680000000, 0x0000000800000000)
  region size 1024K, 4 young (4096K), 4 survivors (4096K)
 Metaspace       used 13902K, capacity 14216K, committed 14336K, reserved 1062912K
  class space    used 1530K, capacity 1725K, committed 1792K, reserved 1048576K
}
Event: 0.882 GC heap before
{Heap before GC invocations=6 (full 0):
 garbage-first heap   total 312320K, used 188689K [0x0000000680000000, 0x0000000800000000)
  region size 1024K, 183 young (187392K), 4 survivors (4096K)
 Metaspace       used 13902K, capacity 14216K, committed 14336K, reserved 1062912K
  class space    used 1530K, capacity 1725K, committed 1792K, reserved 1048576K
}
Event: 0.884 GC heap after
{Heap after GC invocations=7 (full 0):
 garbage-first heap   total 312320K, used 5387K [0x0000000680000000, 0x0000000800000000)
  region size 1024K, 4 young (4096K), 4 survivors (4096K)
 Metaspace       used 13902K, capacity 14216K, committed 14336K, reserved 1062912K
  class space    used 1530K, capacity 1725K, committed 1792K, reserved 1048576K
}
Event: 0.921 GC heap before
{Heap before GC invocations=7 (full 0):
 garbage-first heap   total 312320K, used 188683K [0x0000000680000000, 0x0000000800000000)
  region size 1024K, 183 young (187392K), 4 survivors (4096K)
 Metaspace       used 13902K, capacity 14216K, committed 14336K, reserved 1062912K
  class space    used 1530K, capacity 1725K, committed 1792K, reserved 1048576K
}
Event: 0.923 GC heap after
{Heap after GC invocations=8 (full 0):
 garbage-first heap   total 312320K, used 5313K [0x0000000680000000, 0x0000000800000000)
  region size 1024K, 4 young (4096K), 4 survivors (4096K)
 Metaspace       used 13902K, capacity 14216K, committed 14336K, reserved 1062912K
  class space    used 1530K, capacity 1725K, committed 1792K, reserved 1048576K
}
Event: 0.956 GC heap before
{Heap before GC invocations=8 (full 0):
 garbage-first heap   total 312320K, used 188609K [0x0000000680000000, 0x0000000800000000)
  region size 1024K, 183 young (187392K), 4 survivors (4096K)
 Metaspace       used 13902K, capacity 14216K, committed 14336K, reserved 1062912K
  class space    used 1530K, capacity 1725K, committed 1792K, reserved 1048576K
}
Event: 0.960 GC heap after
{Heap after GC invocations=9 (full 0):
 garbage-first heap   total 374784K, used 5457K [0x0000000680000000, 0x0000000800000000)
  region size 1024K, 4 young (4096K), 4 survivors (4096K)
 Metaspace       used 13902K, capacity 14216K, committed 14336K, reserved 1062912K
  class space    used 1530K, capacity 1725K, committed 1792K, reserved 1048576K
}
Event: 1.030 GC heap before
{Heap before GC invocations=9 (full 0):
 garbage-first heap   total 374784K, used 225617K [0x0000000680000000, 0x0000000800000000)
  region size 1024K, 219 young (224256K), 4 survivors (4096K)
 Metaspace       used 13902K, capacity 14216K, committed 14336K, reserved 1062912K
  class space    used 1530K, capacity 1725K, committed 1792K, reserved 1048576K
}
Event: 1.033 GC heap after
{Heap after GC invocations=10 (full 0):
 garbage-first heap   total 374784K, used 5500K [0x0000000680000000, 0x0000000800000000)
  region size 1024K, 4 young (4096K), 4 survivors (4096K)
 Metaspace       used 13902K, capacity 14216K, committed 14336K, reserved 1062912K
  class space    used 1530K, capacity 1725K, committed 1792K, reserved 1048576K
}
Event: 1.070 GC heap before
{Heap before GC invocations=10 (full 0):
 garbage-first heap   total 374784K, used 225660K [0x0000000680000000, 0x0000000800000000)
  region size 1024K, 219 young (224256K), 4 survivors (4096K)
 Metaspace       used 13902K, capacity 14216K, committed 14336K, reserved 1062912K
  class space    used 1530K, capacity 1725K, committed 1792K, reserved 1048576K
}
Event: 1.073 GC heap after
{Heap after GC invocations=11 (full 0):
 garbage-first heap   total 374784K, used 5363K [0x0000000680000000, 0x0000000800000000)
  region size 1024K, 4 young (4096K), 4 survivors (4096K)
 Metaspace       used 13902K, capacity 14216K, committed 14336K, reserved 1062912K
  class space    used 1530K, capacity 1725K, committed 1792K, reserved 1048576K
}
Event: 1.116 GC heap before
{Heap before GC invocations=11 (full 0):
 garbage-first heap   total 374784K, used 225523K [0x0000000680000000, 0x0000000800000000)
  region size 1024K, 219 young (224256K), 4 survivors (4096K)
 Metaspace       used 13902K, capacity 14216K, committed 14336K, reserved 1062912K
  class space    used 1530K, capacity 1725K, committed 1792K, reserved 1048576K
}
Event: 1.118 GC heap after
{Heap after GC invocations=12 (full 0):
 garbage-first heap   total 374784K, used 5362K [0x0000000680000000, 0x0000000800000000)
  region size 1024K, 4 young (4096K), 4 survivors (4096K)
 Metaspace       used 13902K, capacity 14216K, committed 14336K, reserved 1062912K
  class space    used 1530K, capacity 1725K, committed 1792K, reserved 1048576K
}
Event: 1.157 GC heap before
{Heap before GC invocations=12 (full 0):
 garbage-first heap   total 374784K, used 225522K [0x0000000680000000, 0x0000000800000000)
  region size 1024K, 219 young (224256K), 4 survivors (4096K)
 Metaspace       used 13902K, capacity 14216K, committed 14336K, reserved 1062912K
  class space    used 1530K, capacity 1725K, committed 1792K, reserved 1048576K
}

